<?xml version="1.0" encoding="UTF-8"?>
<testng-results ignored="0" total="6" passed="6" failed="0" skipped="0">
  <reporter-output>
  </reporter-output>
  <suite started-at="2025-08-21T13:03:27 IST" name="Default suite" finished-at="2025-08-21T13:03:51 IST" duration-ms="24555">
    <groups>
    </groups>
    <test started-at="2025-08-21T13:03:27 IST" name="Default test" finished-at="2025-08-21T13:03:51 IST" duration-ms="24555">
      <class name="tests.UploadPageTest">
        <test-method is-config="true" signature="launchURl()[pri:0, instance:tests.UploadPageTest@69453e37]" started-at="2025-08-21T13:03:27 IST" name="launchURl" finished-at="2025-08-21T13:03:42 IST" duration-ms="15330" status="PASS">
          <reporter-output>
          </reporter-output>
        </test-method> <!-- launchURl -->
        <test-method signature="clickOnclose()[pri:1, instance:tests.UploadPageTest@69453e37]" started-at="2025-08-21T13:03:42 IST" name="clickOnclose" finished-at="2025-08-21T13:03:43 IST" duration-ms="972" status="PASS">
          <reporter-output>
          </reporter-output>
        </test-method> <!-- clickOnclose -->
        <test-method signature="clickonpractice()[pri:2, instance:tests.UploadPageTest@69453e37]" started-at="2025-08-21T13:03:43 IST" name="clickonpractice" finished-at="2025-08-21T13:03:46 IST" duration-ms="3295" status="PASS">
          <reporter-output>
          </reporter-output>
        </test-method> <!-- clickonpractice -->
        <test-method signature="clickonelement()[pri:3, instance:tests.UploadPageTest@69453e37]" started-at="2025-08-21T13:03:46 IST" name="clickonelement" finished-at="2025-08-21T13:03:47 IST" duration-ms="541" status="PASS">
          <reporter-output>
          </reporter-output>
        </test-method> <!-- clickonelement -->
        <test-method signature="clickonuploadbuttn()[pri:4, instance:tests.UploadPageTest@69453e37]" started-at="2025-08-21T13:03:47 IST" name="clickonuploadbuttn" finished-at="2025-08-21T13:03:49 IST" duration-ms="2494" status="PASS">
          <reporter-output>
          </reporter-output>
        </test-method> <!-- clickonuploadbuttn -->
        <test-method signature="clickonchoose()[pri:5, instance:tests.UploadPageTest@69453e37]" started-at="2025-08-21T13:03:49 IST" name="clickonchoose" finished-at="2025-08-21T13:03:50 IST" duration-ms="915" status="PASS">
          <reporter-output>
          </reporter-output>
        </test-method> <!-- clickonchoose -->
        <test-method signature="uploadfile()[pri:6, instance:tests.UploadPageTest@69453e37]" started-at="2025-08-21T13:03:50 IST" name="uploadfile" finished-at="2025-08-21T13:03:51 IST" duration-ms="870" status="PASS">
          <reporter-output>
          </reporter-output>
        </test-method> <!-- uploadfile -->
      </class> <!-- tests.UploadPageTest -->
    </test> <!-- Default test -->
  </suite> <!-- Default suite -->
</testng-results>
